line profiling: sample.interval=20000
#File 1: ./project/code/func_bb.R
#File 2: <text>
"order" 1#111 "validate_input" 1#33 "bayesian_blocks" 2#1 ".jetbrains_runFunction" "knit_print.default" 2#1 "withCallingHandlers" 2#1 "<Anonymous>" ".Call" "doTryCatch" "tryCatchOne" "tryCatchList" "doTryCatch" "tryCatchOne" "tryCatchList" "tryCatch" 
1#199 "fitness_func" 1#63 "bayesian_blocks" 2#1 ".jetbrains_runFunction" "knit_print.default" 2#1 "withCallingHandlers" 2#1 "<Anonymous>" ".Call" "doTryCatch" "tryCatchOne" "tryCatchList" "doTryCatch" "tryCatchOne" "tryCatchList" "tryCatch" 
1#61 "rev" 1#61 "bayesian_blocks" 2#1 ".jetbrains_runFunction" "knit_print.default" 2#1 "withCallingHandlers" 2#1 "<Anonymous>" ".Call" "doTryCatch" "tryCatchOne" "tryCatchList" "doTryCatch" "tryCatchOne" "tryCatchList" "tryCatch" 
1#77 "bayesian_blocks" 2#1 ".jetbrains_runFunction" "knit_print.default" 2#1 "withCallingHandlers" 2#1 "<Anonymous>" ".Call" "doTryCatch" "tryCatchOne" "tryCatchList" "doTryCatch" "tryCatchOne" "tryCatchList" "tryCatch" 
1#77 "bayesian_blocks" 2#1 ".jetbrains_runFunction" "knit_print.default" 2#1 "withCallingHandlers" 2#1 "<Anonymous>" ".Call" "doTryCatch" "tryCatchOne" "tryCatchList" "doTryCatch" "tryCatchOne" "tryCatchList" "tryCatch" 
1#60 "bayesian_blocks" 2#1 ".jetbrains_runFunction" "knit_print.default" 2#1 "withCallingHandlers" 2#1 "<Anonymous>" ".Call" "doTryCatch" "tryCatchOne" "tryCatchList" "doTryCatch" "tryCatchOne" "tryCatchList" "tryCatch" 
1#77 "bayesian_blocks" 2#1 ".jetbrains_runFunction" "knit_print.default" 2#1 "withCallingHandlers" 2#1 "<Anonymous>" ".Call" "doTryCatch" "tryCatchOne" "tryCatchList" "doTryCatch" "tryCatchOne" "tryCatchList" "tryCatch" 
1#77 "bayesian_blocks" 2#1 ".jetbrains_runFunction" "knit_print.default" 2#1 "withCallingHandlers" 2#1 "<Anonymous>" ".Call" "doTryCatch" "tryCatchOne" "tryCatchList" "doTryCatch" "tryCatchOne" "tryCatchList" "tryCatch" 
"rev.default" "rev" 1#61 "rev" 1#61 "bayesian_blocks" 2#1 ".jetbrains_runFunction" "knit_print.default" 2#1 "withCallingHandlers" 2#1 "<Anonymous>" ".Call" "doTryCatch" "tryCatchOne" "tryCatchList" "doTryCatch" "tryCatchOne" "tryCatchList" "tryCatch" 
"rev.default" "rev" 1#61 "rev" 1#61 "bayesian_blocks" 2#1 ".jetbrains_runFunction" "knit_print.default" 2#1 "withCallingHandlers" 2#1 "<Anonymous>" ".Call" "doTryCatch" "tryCatchOne" "tryCatchList" "doTryCatch" "tryCatchOne" "tryCatchList" "tryCatch" 
"rev.default" "rev" 1#61 "rev" 1#61 "bayesian_blocks" 2#1 ".jetbrains_runFunction" "knit_print.default" 2#1 "withCallingHandlers" 2#1 "<Anonymous>" ".Call" "doTryCatch" "tryCatchOne" "tryCatchList" "doTryCatch" "tryCatchOne" "tryCatchList" "tryCatch" 
"rev.default" "rev" 1#61 "rev" 1#61 "bayesian_blocks" 2#1 ".jetbrains_runFunction" "knit_print.default" 2#1 "withCallingHandlers" 2#1 "<Anonymous>" ".Call" "doTryCatch" "tryCatchOne" "tryCatchList" "doTryCatch" "tryCatchOne" "tryCatchList" "tryCatch" 
"rev.default" "rev" 1#61 "rev" 1#61 "bayesian_blocks" 2#1 ".jetbrains_runFunction" "knit_print.default" 2#1 "withCallingHandlers" 2#1 "<Anonymous>" ".Call" "doTryCatch" "tryCatchOne" "tryCatchList" "doTryCatch" "tryCatchOne" "tryCatchList" "tryCatch" 
"rev.default" "rev" 1#61 "rev" 1#61 "bayesian_blocks" 2#1 ".jetbrains_runFunction" "knit_print.default" 2#1 "withCallingHandlers" 2#1 "<Anonymous>" ".Call" "doTryCatch" "tryCatchOne" "tryCatchList" "doTryCatch" "tryCatchOne" "tryCatchList" "tryCatch" 
"rev.default" "rev" 1#61 "bayesian_blocks" 2#1 ".jetbrains_runFunction" "knit_print.default" 2#1 "withCallingHandlers" 2#1 "<Anonymous>" ".Call" "doTryCatch" "tryCatchOne" "tryCatchList" "doTryCatch" "tryCatchOne" "tryCatchList" "tryCatch" 
"rev.default" "rev" 1#61 "bayesian_blocks" 2#1 ".jetbrains_runFunction" "knit_print.default" 2#1 "withCallingHandlers" 2#1 "<Anonymous>" ".Call" "doTryCatch" "tryCatchOne" "tryCatchList" "doTryCatch" "tryCatchOne" "tryCatchList" "tryCatch" 
1#199 "fitness_func" 1#63 "bayesian_blocks" 2#1 ".jetbrains_runFunction" "knit_print.default" 2#1 "withCallingHandlers" 2#1 "<Anonymous>" ".Call" "doTryCatch" "tryCatchOne" "tryCatchList" "doTryCatch" "tryCatchOne" "tryCatchList" "tryCatch" 
1#60 "bayesian_blocks" 2#1 ".jetbrains_runFunction" "knit_print.default" 2#1 "withCallingHandlers" 2#1 "<Anonymous>" ".Call" "doTryCatch" "tryCatchOne" "tryCatchList" "doTryCatch" "tryCatchOne" "tryCatchList" "tryCatch" 
1#77 "bayesian_blocks" 2#1 ".jetbrains_runFunction" "knit_print.default" 2#1 "withCallingHandlers" 2#1 "<Anonymous>" ".Call" "doTryCatch" "tryCatchOne" "tryCatchList" "doTryCatch" "tryCatchOne" "tryCatchList" "tryCatch" 
1#77 "bayesian_blocks" 2#1 ".jetbrains_runFunction" "knit_print.default" 2#1 "withCallingHandlers" 2#1 "<Anonymous>" ".Call" "doTryCatch" "tryCatchOne" "tryCatchList" "doTryCatch" "tryCatchOne" "tryCatchList" "tryCatch" 
1#60 "bayesian_blocks" 2#1 ".jetbrains_runFunction" "knit_print.default" 2#1 "withCallingHandlers" 2#1 "<Anonymous>" ".Call" "doTryCatch" "tryCatchOne" "tryCatchList" "doTryCatch" "tryCatchOne" "tryCatchList" "tryCatch" 
1#61 "rev" 1#61 "rev" 1#61 "bayesian_blocks" 2#1 ".jetbrains_runFunction" "knit_print.default" 2#1 "withCallingHandlers" 2#1 "<Anonymous>" ".Call" "doTryCatch" "tryCatchOne" "tryCatchList" "doTryCatch" "tryCatchOne" "tryCatchList" "tryCatch" 
1#61 "rev" 1#61 "rev" 1#61 "bayesian_blocks" 2#1 ".jetbrains_runFunction" "knit_print.default" 2#1 "withCallingHandlers" 2#1 "<Anonymous>" ".Call" "doTryCatch" "tryCatchOne" "tryCatchList" "doTryCatch" "tryCatchOne" "tryCatchList" "tryCatch" 
"rev.default" "rev" 1#61 "bayesian_blocks" 2#1 ".jetbrains_runFunction" "knit_print.default" 2#1 "withCallingHandlers" 2#1 "<Anonymous>" ".Call" "doTryCatch" "tryCatchOne" "tryCatchList" "doTryCatch" "tryCatchOne" "tryCatchList" "tryCatch" 
1#77 "bayesian_blocks" 2#1 ".jetbrains_runFunction" "knit_print.default" 2#1 "withCallingHandlers" 2#1 "<Anonymous>" ".Call" "doTryCatch" "tryCatchOne" "tryCatchList" "doTryCatch" "tryCatchOne" "tryCatchList" "tryCatch" 
"cumsum" 1#61 "rev" 1#61 "bayesian_blocks" 2#1 ".jetbrains_runFunction" "knit_print.default" 2#1 "withCallingHandlers" 2#1 "<Anonymous>" ".Call" "doTryCatch" "tryCatchOne" "tryCatchList" "doTryCatch" "tryCatchOne" "tryCatchList" "tryCatch" 
"cumsum" 1#61 "rev" 1#61 "bayesian_blocks" 2#1 ".jetbrains_runFunction" "knit_print.default" 2#1 "withCallingHandlers" 2#1 "<Anonymous>" ".Call" "doTryCatch" "tryCatchOne" "tryCatchList" "doTryCatch" "tryCatchOne" "tryCatchList" "tryCatch" 
"cumsum" 1#61 "rev" 1#61 "bayesian_blocks" 2#1 ".jetbrains_runFunction" "knit_print.default" 2#1 "withCallingHandlers" 2#1 "<Anonymous>" ".Call" "doTryCatch" "tryCatchOne" "tryCatchList" "doTryCatch" "tryCatchOne" "tryCatchList" "tryCatch" 
"rev.default" "rev" 1#61 "rev" 1#61 "bayesian_blocks" 2#1 ".jetbrains_runFunction" "knit_print.default" 2#1 "withCallingHandlers" 2#1 "<Anonymous>" ".Call" "doTryCatch" "tryCatchOne" "tryCatchList" "doTryCatch" "tryCatchOne" "tryCatchList" "tryCatch" 
1#199 "fitness_func" 1#63 "bayesian_blocks" 2#1 ".jetbrains_runFunction" "knit_print.default" 2#1 "withCallingHandlers" 2#1 "<Anonymous>" ".Call" "doTryCatch" "tryCatchOne" "tryCatchList" "doTryCatch" "tryCatchOne" "tryCatchList" "tryCatch" 
1#199 "fitness_func" 1#63 "bayesian_blocks" 2#1 ".jetbrains_runFunction" "knit_print.default" 2#1 "withCallingHandlers" 2#1 "<Anonymous>" ".Call" "doTryCatch" "tryCatchOne" "tryCatchList" "doTryCatch" "tryCatchOne" "tryCatchList" "tryCatch" 
1#199 "fitness_func" 1#63 "bayesian_blocks" 2#1 ".jetbrains_runFunction" "knit_print.default" 2#1 "withCallingHandlers" 2#1 "<Anonymous>" ".Call" "doTryCatch" "tryCatchOne" "tryCatchList" "doTryCatch" "tryCatchOne" "tryCatchList" "tryCatch" 
1#61 "rev" 1#61 "bayesian_blocks" 2#1 ".jetbrains_runFunction" "knit_print.default" 2#1 "withCallingHandlers" 2#1 "<Anonymous>" ".Call" "doTryCatch" "tryCatchOne" "tryCatchList" "doTryCatch" "tryCatchOne" "tryCatchList" "tryCatch" 
1#77 "bayesian_blocks" 2#1 ".jetbrains_runFunction" "knit_print.default" 2#1 "withCallingHandlers" 2#1 "<Anonymous>" ".Call" "doTryCatch" "tryCatchOne" "tryCatchList" "doTryCatch" "tryCatchOne" "tryCatchList" "tryCatch" 
1#199 "fitness_func" 1#63 "bayesian_blocks" 2#1 ".jetbrains_runFunction" "knit_print.default" 2#1 "withCallingHandlers" 2#1 "<Anonymous>" ".Call" "doTryCatch" "tryCatchOne" "tryCatchList" "doTryCatch" "tryCatchOne" "tryCatchList" "tryCatch" 
1#199 "fitness_func" 1#63 "bayesian_blocks" 2#1 ".jetbrains_runFunction" "knit_print.default" 2#1 "withCallingHandlers" 2#1 "<Anonymous>" ".Call" "doTryCatch" "tryCatchOne" "tryCatchList" "doTryCatch" "tryCatchOne" "tryCatchList" "tryCatch" 
1#61 "rev" 1#61 "rev" 1#61 "bayesian_blocks" 2#1 ".jetbrains_runFunction" "knit_print.default" 2#1 "withCallingHandlers" 2#1 "<Anonymous>" ".Call" "doTryCatch" "tryCatchOne" "tryCatchList" "doTryCatch" "tryCatchOne" "tryCatchList" "tryCatch" 
1#199 "fitness_func" 1#63 "bayesian_blocks" 2#1 ".jetbrains_runFunction" "knit_print.default" 2#1 "withCallingHandlers" 2#1 "<Anonymous>" ".Call" "doTryCatch" "tryCatchOne" "tryCatchList" "doTryCatch" "tryCatchOne" "tryCatchList" "tryCatch" 
1#199 "fitness_func" 1#63 "bayesian_blocks" 2#1 ".jetbrains_runFunction" "knit_print.default" 2#1 "withCallingHandlers" 2#1 "<Anonymous>" ".Call" "doTryCatch" "tryCatchOne" "tryCatchList" "doTryCatch" "tryCatchOne" "tryCatchList" "tryCatch" 
1#61 "rev" 1#61 "rev" 1#61 "bayesian_blocks" 2#1 ".jetbrains_runFunction" "knit_print.default" 2#1 "withCallingHandlers" 2#1 "<Anonymous>" ".Call" "doTryCatch" "tryCatchOne" "tryCatchList" "doTryCatch" "tryCatchOne" "tryCatchList" "tryCatch" 
1#60 "bayesian_blocks" 2#1 ".jetbrains_runFunction" "knit_print.default" 2#1 "withCallingHandlers" 2#1 "<Anonymous>" ".Call" "doTryCatch" "tryCatchOne" "tryCatchList" "doTryCatch" "tryCatchOne" "tryCatchList" "tryCatch" 
1#77 "bayesian_blocks" 2#1 ".jetbrains_runFunction" "knit_print.default" 2#1 "withCallingHandlers" 2#1 "<Anonymous>" ".Call" "doTryCatch" "tryCatchOne" "tryCatchList" "doTryCatch" "tryCatchOne" "tryCatchList" "tryCatch" 
1#199 "fitness_func" 1#63 "bayesian_blocks" 2#1 ".jetbrains_runFunction" "knit_print.default" 2#1 "withCallingHandlers" 2#1 "<Anonymous>" ".Call" "doTryCatch" "tryCatchOne" "tryCatchList" "doTryCatch" "tryCatchOne" "tryCatchList" "tryCatch" 
1#77 "bayesian_blocks" 2#1 ".jetbrains_runFunction" "knit_print.default" 2#1 "withCallingHandlers" 2#1 "<Anonymous>" ".Call" "doTryCatch" "tryCatchOne" "tryCatchList" "doTryCatch" "tryCatchOne" "tryCatchList" "tryCatch" 
"rev.default" "rev" 1#61 "rev" 1#61 "bayesian_blocks" 2#1 ".jetbrains_runFunction" "knit_print.default" 2#1 "withCallingHandlers" 2#1 "<Anonymous>" ".Call" "doTryCatch" "tryCatchOne" "tryCatchList" "doTryCatch" "tryCatchOne" "tryCatchList" "tryCatch" 
1#76 "bayesian_blocks" 2#1 ".jetbrains_runFunction" "knit_print.default" 2#1 "withCallingHandlers" 2#1 "<Anonymous>" ".Call" "doTryCatch" "tryCatchOne" "tryCatchList" "doTryCatch" "tryCatchOne" "tryCatchList" "tryCatch" 
1#199 "fitness_func" 1#63 "bayesian_blocks" 2#1 ".jetbrains_runFunction" "knit_print.default" 2#1 "withCallingHandlers" 2#1 "<Anonymous>" ".Call" "doTryCatch" "tryCatchOne" "tryCatchList" "doTryCatch" "tryCatchOne" "tryCatchList" "tryCatch" 
1#60 "bayesian_blocks" 2#1 ".jetbrains_runFunction" "knit_print.default" 2#1 "withCallingHandlers" 2#1 "<Anonymous>" ".Call" "doTryCatch" "tryCatchOne" "tryCatchList" "doTryCatch" "tryCatchOne" "tryCatchList" "tryCatch" 
"rev.default" "rev" 1#61 "rev" 1#61 "bayesian_blocks" 2#1 ".jetbrains_runFunction" "knit_print.default" 2#1 "withCallingHandlers" 2#1 "<Anonymous>" ".Call" "doTryCatch" "tryCatchOne" "tryCatchList" "doTryCatch" "tryCatchOne" "tryCatchList" "tryCatch" 
1#77 "bayesian_blocks" 2#1 ".jetbrains_runFunction" "knit_print.default" 2#1 "withCallingHandlers" 2#1 "<Anonymous>" ".Call" "doTryCatch" "tryCatchOne" "tryCatchList" "doTryCatch" "tryCatchOne" "tryCatchList" "tryCatch" 
1#199 "fitness_func" 1#63 "bayesian_blocks" 2#1 ".jetbrains_runFunction" "knit_print.default" 2#1 "withCallingHandlers" 2#1 "<Anonymous>" ".Call" "doTryCatch" "tryCatchOne" "tryCatchList" "doTryCatch" "tryCatchOne" "tryCatchList" "tryCatch" 
"rev.default" "rev" 1#61 "bayesian_blocks" 2#1 ".jetbrains_runFunction" "knit_print.default" 2#1 "withCallingHandlers" 2#1 "<Anonymous>" ".Call" "doTryCatch" "tryCatchOne" "tryCatchList" "doTryCatch" "tryCatchOne" "tryCatchList" "tryCatch" 
1#199 "fitness_func" 1#63 "bayesian_blocks" 2#1 ".jetbrains_runFunction" "knit_print.default" 2#1 "withCallingHandlers" 2#1 "<Anonymous>" ".Call" "doTryCatch" "tryCatchOne" "tryCatchList" "doTryCatch" "tryCatchOne" "tryCatchList" "tryCatch" 
"rev.default" "rev" 1#61 "bayesian_blocks" 2#1 ".jetbrains_runFunction" "knit_print.default" 2#1 "withCallingHandlers" 2#1 "<Anonymous>" ".Call" "doTryCatch" "tryCatchOne" "tryCatchList" "doTryCatch" "tryCatchOne" "tryCatchList" "tryCatch" 
1#199 "fitness_func" 1#63 "bayesian_blocks" 2#1 ".jetbrains_runFunction" "knit_print.default" 2#1 "withCallingHandlers" 2#1 "<Anonymous>" ".Call" "doTryCatch" "tryCatchOne" "tryCatchList" "doTryCatch" "tryCatchOne" "tryCatchList" "tryCatch" 
1#199 "fitness_func" 1#63 "bayesian_blocks" 2#1 ".jetbrains_runFunction" "knit_print.default" 2#1 "withCallingHandlers" 2#1 "<Anonymous>" ".Call" "doTryCatch" "tryCatchOne" "tryCatchList" "doTryCatch" "tryCatchOne" "tryCatchList" "tryCatch" 
1#61 "rev" 1#61 "rev" 1#61 "bayesian_blocks" 2#1 ".jetbrains_runFunction" "knit_print.default" 2#1 "withCallingHandlers" 2#1 "<Anonymous>" ".Call" "doTryCatch" "tryCatchOne" "tryCatchList" "doTryCatch" "tryCatchOne" "tryCatchList" "tryCatch" 
1#60 "bayesian_blocks" 2#1 ".jetbrains_runFunction" "knit_print.default" 2#1 "withCallingHandlers" 2#1 "<Anonymous>" ".Call" "doTryCatch" "tryCatchOne" "tryCatchList" "doTryCatch" "tryCatchOne" "tryCatchList" "tryCatch" 
1#199 "fitness_func" 1#63 "bayesian_blocks" 2#1 ".jetbrains_runFunction" "knit_print.default" 2#1 "withCallingHandlers" 2#1 "<Anonymous>" ".Call" "doTryCatch" "tryCatchOne" "tryCatchList" "doTryCatch" "tryCatchOne" "tryCatchList" "tryCatch" 
1#199 "fitness_func" 1#63 "bayesian_blocks" 2#1 ".jetbrains_runFunction" "knit_print.default" 2#1 "withCallingHandlers" 2#1 "<Anonymous>" ".Call" "doTryCatch" "tryCatchOne" "tryCatchList" "doTryCatch" "tryCatchOne" "tryCatchList" "tryCatch" 
1#76 "bayesian_blocks" 2#1 ".jetbrains_runFunction" "knit_print.default" 2#1 "withCallingHandlers" 2#1 "<Anonymous>" ".Call" "doTryCatch" "tryCatchOne" "tryCatchList" "doTryCatch" "tryCatchOne" "tryCatchList" "tryCatch" 
1#199 "fitness_func" 1#63 "bayesian_blocks" 2#1 ".jetbrains_runFunction" "knit_print.default" 2#1 "withCallingHandlers" 2#1 "<Anonymous>" ".Call" "doTryCatch" "tryCatchOne" "tryCatchList" "doTryCatch" "tryCatchOne" "tryCatchList" "tryCatch" 
1#77 "bayesian_blocks" 2#1 ".jetbrains_runFunction" "knit_print.default" 2#1 "withCallingHandlers" 2#1 "<Anonymous>" ".Call" "doTryCatch" "tryCatchOne" "tryCatchList" "doTryCatch" "tryCatchOne" "tryCatchList" "tryCatch" 
"rev.default" "rev" 1#61 "bayesian_blocks" 2#1 ".jetbrains_runFunction" "knit_print.default" 2#1 "withCallingHandlers" 2#1 "<Anonymous>" ".Call" "doTryCatch" "tryCatchOne" "tryCatchList" "doTryCatch" "tryCatchOne" "tryCatchList" "tryCatch" 
1#199 "fitness_func" 1#63 "bayesian_blocks" 2#1 ".jetbrains_runFunction" "knit_print.default" 2#1 "withCallingHandlers" 2#1 "<Anonymous>" ".Call" "doTryCatch" "tryCatchOne" "tryCatchList" "doTryCatch" "tryCatchOne" "tryCatchList" "tryCatch" 
1#77 "bayesian_blocks" 2#1 ".jetbrains_runFunction" "knit_print.default" 2#1 "withCallingHandlers" 2#1 "<Anonymous>" ".Call" "doTryCatch" "tryCatchOne" "tryCatchList" "doTryCatch" "tryCatchOne" "tryCatchList" "tryCatch" 
1#76 "bayesian_blocks" 2#1 ".jetbrains_runFunction" "knit_print.default" 2#1 "withCallingHandlers" 2#1 "<Anonymous>" ".Call" "doTryCatch" "tryCatchOne" "tryCatchList" "doTryCatch" "tryCatchOne" "tryCatchList" "tryCatch" 
"rev.default" "rev" 1#61 "bayesian_blocks" 2#1 ".jetbrains_runFunction" "knit_print.default" 2#1 "withCallingHandlers" 2#1 "<Anonymous>" ".Call" "doTryCatch" "tryCatchOne" "tryCatchList" "doTryCatch" "tryCatchOne" "tryCatchList" "tryCatch" 
"cumsum" 1#61 "rev" 1#61 "bayesian_blocks" 2#1 ".jetbrains_runFunction" "knit_print.default" 2#1 "withCallingHandlers" 2#1 "<Anonymous>" ".Call" "doTryCatch" "tryCatchOne" "tryCatchList" "doTryCatch" "tryCatchOne" "tryCatchList" "tryCatch" 
1#199 "fitness_func" 1#63 "bayesian_blocks" 2#1 ".jetbrains_runFunction" "knit_print.default" 2#1 "withCallingHandlers" 2#1 "<Anonymous>" ".Call" "doTryCatch" "tryCatchOne" "tryCatchList" "doTryCatch" "tryCatchOne" "tryCatchList" "tryCatch" 
1#199 "fitness_func" 1#63 "bayesian_blocks" 2#1 ".jetbrains_runFunction" "knit_print.default" 2#1 "withCallingHandlers" 2#1 "<Anonymous>" ".Call" "doTryCatch" "tryCatchOne" "tryCatchList" "doTryCatch" "tryCatchOne" "tryCatchList" "tryCatch" 
1#199 "fitness_func" 1#63 "bayesian_blocks" 2#1 ".jetbrains_runFunction" "knit_print.default" 2#1 "withCallingHandlers" 2#1 "<Anonymous>" ".Call" "doTryCatch" "tryCatchOne" "tryCatchList" "doTryCatch" "tryCatchOne" "tryCatchList" "tryCatch" 
1#199 "fitness_func" 1#63 "bayesian_blocks" 2#1 ".jetbrains_runFunction" "knit_print.default" 2#1 "withCallingHandlers" 2#1 "<Anonymous>" ".Call" "doTryCatch" "tryCatchOne" "tryCatchList" "doTryCatch" "tryCatchOne" "tryCatchList" "tryCatch" 
1#199 "fitness_func" 1#63 "bayesian_blocks" 2#1 ".jetbrains_runFunction" "knit_print.default" 2#1 "withCallingHandlers" 2#1 "<Anonymous>" ".Call" "doTryCatch" "tryCatchOne" "tryCatchList" "doTryCatch" "tryCatchOne" "tryCatchList" "tryCatch" 
1#61 "rev" 1#61 "rev" 1#61 "bayesian_blocks" 2#1 ".jetbrains_runFunction" "knit_print.default" 2#1 "withCallingHandlers" 2#1 "<Anonymous>" ".Call" "doTryCatch" "tryCatchOne" "tryCatchList" "doTryCatch" "tryCatchOne" "tryCatchList" "tryCatch" 
1#199 "fitness_func" 1#63 "bayesian_blocks" 2#1 ".jetbrains_runFunction" "knit_print.default" 2#1 "withCallingHandlers" 2#1 "<Anonymous>" ".Call" "doTryCatch" "tryCatchOne" "tryCatchList" "doTryCatch" "tryCatchOne" "tryCatchList" "tryCatch" 
"rev.default" "rev" 1#61 "rev" 1#61 "bayesian_blocks" 2#1 ".jetbrains_runFunction" "knit_print.default" 2#1 "withCallingHandlers" 2#1 "<Anonymous>" ".Call" "doTryCatch" "tryCatchOne" "tryCatchList" "doTryCatch" "tryCatchOne" "tryCatchList" "tryCatch" 
1#77 "bayesian_blocks" 2#1 ".jetbrains_runFunction" "knit_print.default" 2#1 "withCallingHandlers" 2#1 "<Anonymous>" ".Call" "doTryCatch" "tryCatchOne" "tryCatchList" "doTryCatch" "tryCatchOne" "tryCatchList" "tryCatch" 
1#77 "bayesian_blocks" 2#1 ".jetbrains_runFunction" "knit_print.default" 2#1 "withCallingHandlers" 2#1 "<Anonymous>" ".Call" "doTryCatch" "tryCatchOne" "tryCatchList" "doTryCatch" "tryCatchOne" "tryCatchList" "tryCatch" 
1#61 "rev" 1#61 "rev" 1#61 "bayesian_blocks" 2#1 ".jetbrains_runFunction" "knit_print.default" 2#1 "withCallingHandlers" 2#1 "<Anonymous>" ".Call" "doTryCatch" "tryCatchOne" "tryCatchList" "doTryCatch" "tryCatchOne" "tryCatchList" "tryCatch" 
1#199 "fitness_func" 1#63 "bayesian_blocks" 2#1 ".jetbrains_runFunction" "knit_print.default" 2#1 "withCallingHandlers" 2#1 "<Anonymous>" ".Call" "doTryCatch" "tryCatchOne" "tryCatchList" "doTryCatch" "tryCatchOne" "tryCatchList" "tryCatch" 
"rev.default" "rev" 1#61 "rev" 1#61 "bayesian_blocks" 2#1 ".jetbrains_runFunction" "knit_print.default" 2#1 "withCallingHandlers" 2#1 "<Anonymous>" ".Call" "doTryCatch" "tryCatchOne" "tryCatchList" "doTryCatch" "tryCatchOne" "tryCatchList" "tryCatch" 
"rev.default" "rev" 1#61 "bayesian_blocks" 2#1 ".jetbrains_runFunction" "knit_print.default" 2#1 "withCallingHandlers" 2#1 "<Anonymous>" ".Call" "doTryCatch" "tryCatchOne" "tryCatchList" "doTryCatch" "tryCatchOne" "tryCatchList" "tryCatch" 
"rev.default" "rev" 1#61 "rev" 1#61 "bayesian_blocks" 2#1 ".jetbrains_runFunction" "knit_print.default" 2#1 "withCallingHandlers" 2#1 "<Anonymous>" ".Call" "doTryCatch" "tryCatchOne" "tryCatchList" "doTryCatch" "tryCatchOne" "tryCatchList" "tryCatch" 
1#199 "fitness_func" 1#63 "bayesian_blocks" 2#1 ".jetbrains_runFunction" "knit_print.default" 2#1 "withCallingHandlers" 2#1 "<Anonymous>" ".Call" "doTryCatch" "tryCatchOne" "tryCatchList" "doTryCatch" "tryCatchOne" "tryCatchList" "tryCatch" 
1#60 "bayesian_blocks" 2#1 ".jetbrains_runFunction" "knit_print.default" 2#1 "withCallingHandlers" 2#1 "<Anonymous>" ".Call" "doTryCatch" "tryCatchOne" "tryCatchList" "doTryCatch" "tryCatchOne" "tryCatchList" "tryCatch" 
1#77 "bayesian_blocks" 2#1 ".jetbrains_runFunction" "knit_print.default" 2#1 "withCallingHandlers" 2#1 "<Anonymous>" ".Call" "doTryCatch" "tryCatchOne" "tryCatchList" "doTryCatch" "tryCatchOne" "tryCatchList" "tryCatch" 
1#77 "bayesian_blocks" 2#1 ".jetbrains_runFunction" "knit_print.default" 2#1 "withCallingHandlers" 2#1 "<Anonymous>" ".Call" "doTryCatch" "tryCatchOne" "tryCatchList" "doTryCatch" "tryCatchOne" "tryCatchList" "tryCatch" 
"rev.default" "rev" 1#61 "rev" 1#61 "bayesian_blocks" 2#1 ".jetbrains_runFunction" "knit_print.default" 2#1 "withCallingHandlers" 2#1 "<Anonymous>" ".Call" "doTryCatch" "tryCatchOne" "tryCatchList" "doTryCatch" "tryCatchOne" "tryCatchList" "tryCatch" 
1#199 "fitness_func" 1#63 "bayesian_blocks" 2#1 ".jetbrains_runFunction" "knit_print.default" 2#1 "withCallingHandlers" 2#1 "<Anonymous>" ".Call" "doTryCatch" "tryCatchOne" "tryCatchList" "doTryCatch" "tryCatchOne" "tryCatchList" "tryCatch" 
1#199 "fitness_func" 1#63 "bayesian_blocks" 2#1 ".jetbrains_runFunction" "knit_print.default" 2#1 "withCallingHandlers" 2#1 "<Anonymous>" ".Call" "doTryCatch" "tryCatchOne" "tryCatchList" "doTryCatch" "tryCatchOne" "tryCatchList" "tryCatch" 
"rev.default" "rev" 1#61 "bayesian_blocks" 2#1 ".jetbrains_runFunction" "knit_print.default" 2#1 "withCallingHandlers" 2#1 "<Anonymous>" ".Call" "doTryCatch" "tryCatchOne" "tryCatchList" "doTryCatch" "tryCatchOne" "tryCatchList" "tryCatch" 
1#60 "bayesian_blocks" 2#1 ".jetbrains_runFunction" "knit_print.default" 2#1 "withCallingHandlers" 2#1 "<Anonymous>" ".Call" "doTryCatch" "tryCatchOne" "tryCatchList" "doTryCatch" "tryCatchOne" "tryCatchList" "tryCatch" 
1#60 "bayesian_blocks" 2#1 ".jetbrains_runFunction" "knit_print.default" 2#1 "withCallingHandlers" 2#1 "<Anonymous>" ".Call" "doTryCatch" "tryCatchOne" "tryCatchList" "doTryCatch" "tryCatchOne" "tryCatchList" "tryCatch" 
1#77 "bayesian_blocks" 2#1 ".jetbrains_runFunction" "knit_print.default" 2#1 "withCallingHandlers" 2#1 "<Anonymous>" ".Call" "doTryCatch" "tryCatchOne" "tryCatchList" "doTryCatch" "tryCatchOne" "tryCatchList" "tryCatch" 
1#199 "fitness_func" 1#63 "bayesian_blocks" 2#1 ".jetbrains_runFunction" "knit_print.default" 2#1 "withCallingHandlers" 2#1 "<Anonymous>" ".Call" "doTryCatch" "tryCatchOne" "tryCatchList" "doTryCatch" "tryCatchOne" "tryCatchList" "tryCatch" 
1#198 "fitness_func" 1#63 "bayesian_blocks" 2#1 ".jetbrains_runFunction" "knit_print.default" 2#1 "withCallingHandlers" 2#1 "<Anonymous>" ".Call" "doTryCatch" "tryCatchOne" "tryCatchList" "doTryCatch" "tryCatchOne" "tryCatchList" "tryCatch" 
"rev.default" "rev" 1#61 "bayesian_blocks" 2#1 ".jetbrains_runFunction" "knit_print.default" 2#1 "withCallingHandlers" 2#1 "<Anonymous>" ".Call" "doTryCatch" "tryCatchOne" "tryCatchList" "doTryCatch" "tryCatchOne" "tryCatchList" "tryCatch" 
"rev.default" "rev" 1#61 "bayesian_blocks" 2#1 ".jetbrains_runFunction" "knit_print.default" 2#1 "withCallingHandlers" 2#1 "<Anonymous>" ".Call" "doTryCatch" "tryCatchOne" "tryCatchList" "doTryCatch" "tryCatchOne" "tryCatchList" "tryCatch" 
"rev.default" "rev" 1#61 "bayesian_blocks" 2#1 ".jetbrains_runFunction" "knit_print.default" 2#1 "withCallingHandlers" 2#1 "<Anonymous>" ".Call" "doTryCatch" "tryCatchOne" "tryCatchList" "doTryCatch" "tryCatchOne" "tryCatchList" "tryCatch" 
"rev.default" "rev" 1#61 "bayesian_blocks" 2#1 ".jetbrains_runFunction" "knit_print.default" 2#1 "withCallingHandlers" 2#1 "<Anonymous>" ".Call" "doTryCatch" "tryCatchOne" "tryCatchList" "doTryCatch" "tryCatchOne" "tryCatchList" "tryCatch" 
1#199 "fitness_func" 1#63 "bayesian_blocks" 2#1 ".jetbrains_runFunction" "knit_print.default" 2#1 "withCallingHandlers" 2#1 "<Anonymous>" ".Call" "doTryCatch" "tryCatchOne" "tryCatchList" "doTryCatch" "tryCatchOne" "tryCatchList" "tryCatch" 
1#77 "bayesian_blocks" 2#1 ".jetbrains_runFunction" "knit_print.default" 2#1 "withCallingHandlers" 2#1 "<Anonymous>" ".Call" "doTryCatch" "tryCatchOne" "tryCatchList" "doTryCatch" "tryCatchOne" "tryCatchList" "tryCatch" 
1#199 "fitness_func" 1#63 "bayesian_blocks" 2#1 ".jetbrains_runFunction" "knit_print.default" 2#1 "withCallingHandlers" 2#1 "<Anonymous>" ".Call" "doTryCatch" "tryCatchOne" "tryCatchList" "doTryCatch" "tryCatchOne" "tryCatchList" "tryCatch" 
1#77 "bayesian_blocks" 2#1 ".jetbrains_runFunction" "knit_print.default" 2#1 "withCallingHandlers" 2#1 "<Anonymous>" ".Call" "doTryCatch" "tryCatchOne" "tryCatchList" "doTryCatch" "tryCatchOne" "tryCatchList" "tryCatch" 
"rev.default" "rev" 1#61 "rev" 1#61 "bayesian_blocks" 2#1 ".jetbrains_runFunction" "knit_print.default" 2#1 "withCallingHandlers" 2#1 "<Anonymous>" ".Call" "doTryCatch" "tryCatchOne" "tryCatchList" "doTryCatch" "tryCatchOne" "tryCatchList" "tryCatch" 
1#199 "fitness_func" 1#63 "bayesian_blocks" 2#1 ".jetbrains_runFunction" "knit_print.default" 2#1 "withCallingHandlers" 2#1 "<Anonymous>" ".Call" "doTryCatch" "tryCatchOne" "tryCatchList" "doTryCatch" "tryCatchOne" "tryCatchList" "tryCatch" 
1#199 "fitness_func" 1#63 "bayesian_blocks" 2#1 ".jetbrains_runFunction" "knit_print.default" 2#1 "withCallingHandlers" 2#1 "<Anonymous>" ".Call" "doTryCatch" "tryCatchOne" "tryCatchList" "doTryCatch" "tryCatchOne" "tryCatchList" "tryCatch" 
"rev.default" "rev" 1#61 "rev" 1#61 "bayesian_blocks" 2#1 ".jetbrains_runFunction" "knit_print.default" 2#1 "withCallingHandlers" 2#1 "<Anonymous>" ".Call" "doTryCatch" "tryCatchOne" "tryCatchList" "doTryCatch" "tryCatchOne" "tryCatchList" "tryCatch" 
1#199 "fitness_func" 1#63 "bayesian_blocks" 2#1 ".jetbrains_runFunction" "knit_print.default" 2#1 "withCallingHandlers" 2#1 "<Anonymous>" ".Call" "doTryCatch" "tryCatchOne" "tryCatchList" "doTryCatch" "tryCatchOne" "tryCatchList" "tryCatch" 
1#77 "bayesian_blocks" 2#1 ".jetbrains_runFunction" "knit_print.default" 2#1 "withCallingHandlers" 2#1 "<Anonymous>" ".Call" "doTryCatch" "tryCatchOne" "tryCatchList" "doTryCatch" "tryCatchOne" "tryCatchList" "tryCatch" 
1#77 "bayesian_blocks" 2#1 ".jetbrains_runFunction" "knit_print.default" 2#1 "withCallingHandlers" 2#1 "<Anonymous>" ".Call" "doTryCatch" "tryCatchOne" "tryCatchList" "doTryCatch" "tryCatchOne" "tryCatchList" "tryCatch" 
1#77 "bayesian_blocks" 2#1 ".jetbrains_runFunction" "knit_print.default" 2#1 "withCallingHandlers" 2#1 "<Anonymous>" ".Call" "doTryCatch" "tryCatchOne" "tryCatchList" "doTryCatch" "tryCatchOne" "tryCatchList" "tryCatch" 
"rev.default" "rev" 1#61 "rev" 1#61 "bayesian_blocks" 2#1 ".jetbrains_runFunction" "knit_print.default" 2#1 "withCallingHandlers" 2#1 "<Anonymous>" ".Call" "doTryCatch" "tryCatchOne" "tryCatchList" "doTryCatch" "tryCatchOne" "tryCatchList" "tryCatch" 
1#60 "bayesian_blocks" 2#1 ".jetbrains_runFunction" "knit_print.default" 2#1 "withCallingHandlers" 2#1 "<Anonymous>" ".Call" "doTryCatch" "tryCatchOne" "tryCatchList" "doTryCatch" "tryCatchOne" "tryCatchList" "tryCatch" 
1#199 "fitness_func" 1#63 "bayesian_blocks" 2#1 ".jetbrains_runFunction" "knit_print.default" 2#1 "withCallingHandlers" 2#1 "<Anonymous>" ".Call" "doTryCatch" "tryCatchOne" "tryCatchList" "doTryCatch" "tryCatchOne" "tryCatchList" "tryCatch" 
1#199 "fitness_func" 1#63 "bayesian_blocks" 2#1 ".jetbrains_runFunction" "knit_print.default" 2#1 "withCallingHandlers" 2#1 "<Anonymous>" ".Call" "doTryCatch" "tryCatchOne" "tryCatchList" "doTryCatch" "tryCatchOne" "tryCatchList" "tryCatch" 
1#199 "fitness_func" 1#63 "bayesian_blocks" 2#1 ".jetbrains_runFunction" "knit_print.default" 2#1 "withCallingHandlers" 2#1 "<Anonymous>" ".Call" "doTryCatch" "tryCatchOne" "tryCatchList" "doTryCatch" "tryCatchOne" "tryCatchList" "tryCatch" 
1#199 "fitness_func" 1#63 "bayesian_blocks" 2#1 ".jetbrains_runFunction" "knit_print.default" 2#1 "withCallingHandlers" 2#1 "<Anonymous>" ".Call" "doTryCatch" "tryCatchOne" "tryCatchList" "doTryCatch" "tryCatchOne" "tryCatchList" "tryCatch" 
1#61 "rev" 1#61 "rev" 1#61 "bayesian_blocks" 2#1 ".jetbrains_runFunction" "knit_print.default" 2#1 "withCallingHandlers" 2#1 "<Anonymous>" ".Call" "doTryCatch" "tryCatchOne" "tryCatchList" "doTryCatch" "tryCatchOne" "tryCatchList" "tryCatch" 
1#61 "rev" 1#61 "rev" 1#61 "bayesian_blocks" 2#1 ".jetbrains_runFunction" "knit_print.default" 2#1 "withCallingHandlers" 2#1 "<Anonymous>" ".Call" "doTryCatch" "tryCatchOne" "tryCatchList" "doTryCatch" "tryCatchOne" "tryCatchList" "tryCatch" 
1#199 "fitness_func" 1#63 "bayesian_blocks" 2#1 ".jetbrains_runFunction" "knit_print.default" 2#1 "withCallingHandlers" 2#1 "<Anonymous>" ".Call" "doTryCatch" "tryCatchOne" "tryCatchList" "doTryCatch" "tryCatchOne" "tryCatchList" "tryCatch" 
"rev.default" "rev" 1#61 "bayesian_blocks" 2#1 ".jetbrains_runFunction" "knit_print.default" 2#1 "withCallingHandlers" 2#1 "<Anonymous>" ".Call" "doTryCatch" "tryCatchOne" "tryCatchList" "doTryCatch" "tryCatchOne" "tryCatchList" "tryCatch" 
1#199 "fitness_func" 1#63 "bayesian_blocks" 2#1 ".jetbrains_runFunction" "knit_print.default" 2#1 "withCallingHandlers" 2#1 "<Anonymous>" ".Call" "doTryCatch" "tryCatchOne" "tryCatchList" "doTryCatch" "tryCatchOne" "tryCatchList" "tryCatch" 
1#77 "bayesian_blocks" 2#1 ".jetbrains_runFunction" "knit_print.default" 2#1 "withCallingHandlers" 2#1 "<Anonymous>" ".Call" "doTryCatch" "tryCatchOne" "tryCatchList" "doTryCatch" "tryCatchOne" "tryCatchList" "tryCatch" 
"cumsum" 1#61 "rev" 1#61 "bayesian_blocks" 2#1 ".jetbrains_runFunction" "knit_print.default" 2#1 "withCallingHandlers" 2#1 "<Anonymous>" ".Call" "doTryCatch" "tryCatchOne" "tryCatchList" "doTryCatch" "tryCatchOne" "tryCatchList" "tryCatch" 
"rev.default" "rev" 1#61 "bayesian_blocks" 2#1 ".jetbrains_runFunction" "knit_print.default" 2#1 "withCallingHandlers" 2#1 "<Anonymous>" ".Call" "doTryCatch" "tryCatchOne" "tryCatchList" "doTryCatch" "tryCatchOne" "tryCatchList" "tryCatch" 
1#77 "bayesian_blocks" 2#1 ".jetbrains_runFunction" "knit_print.default" 2#1 "withCallingHandlers" 2#1 "<Anonymous>" ".Call" "doTryCatch" "tryCatchOne" "tryCatchList" "doTryCatch" "tryCatchOne" "tryCatchList" "tryCatch" 
1#199 "fitness_func" 1#63 "bayesian_blocks" 2#1 ".jetbrains_runFunction" "knit_print.default" 2#1 "withCallingHandlers" 2#1 "<Anonymous>" ".Call" "doTryCatch" "tryCatchOne" "tryCatchList" "doTryCatch" "tryCatchOne" "tryCatchList" "tryCatch" 
1#77 "bayesian_blocks" 2#1 ".jetbrains_runFunction" "knit_print.default" 2#1 "withCallingHandlers" 2#1 "<Anonymous>" ".Call" "doTryCatch" "tryCatchOne" "tryCatchList" "doTryCatch" "tryCatchOne" "tryCatchList" "tryCatch" 
"rev.default" "rev" 1#61 "bayesian_blocks" 2#1 ".jetbrains_runFunction" "knit_print.default" 2#1 "withCallingHandlers" 2#1 "<Anonymous>" ".Call" "doTryCatch" "tryCatchOne" "tryCatchList" "doTryCatch" "tryCatchOne" "tryCatchList" "tryCatch" 
1#199 "fitness_func" 1#63 "bayesian_blocks" 2#1 ".jetbrains_runFunction" "knit_print.default" 2#1 "withCallingHandlers" 2#1 "<Anonymous>" ".Call" "doTryCatch" "tryCatchOne" "tryCatchList" "doTryCatch" "tryCatchOne" "tryCatchList" "tryCatch" 
1#199 "fitness_func" 1#63 "bayesian_blocks" 2#1 ".jetbrains_runFunction" "knit_print.default" 2#1 "withCallingHandlers" 2#1 "<Anonymous>" ".Call" "doTryCatch" "tryCatchOne" "tryCatchList" "doTryCatch" "tryCatchOne" "tryCatchList" "tryCatch" 
1#199 "fitness_func" 1#63 "bayesian_blocks" 2#1 ".jetbrains_runFunction" "knit_print.default" 2#1 "withCallingHandlers" 2#1 "<Anonymous>" ".Call" "doTryCatch" "tryCatchOne" "tryCatchList" "doTryCatch" "tryCatchOne" "tryCatchList" "tryCatch" 
1#60 "bayesian_blocks" 2#1 ".jetbrains_runFunction" "knit_print.default" 2#1 "withCallingHandlers" 2#1 "<Anonymous>" ".Call" "doTryCatch" "tryCatchOne" "tryCatchList" "doTryCatch" "tryCatchOne" "tryCatchList" "tryCatch" 
1#199 "fitness_func" 1#63 "bayesian_blocks" 2#1 ".jetbrains_runFunction" "knit_print.default" 2#1 "withCallingHandlers" 2#1 "<Anonymous>" ".Call" "doTryCatch" "tryCatchOne" "tryCatchList" "doTryCatch" "tryCatchOne" "tryCatchList" "tryCatch" 
1#77 "bayesian_blocks" 2#1 ".jetbrains_runFunction" "knit_print.default" 2#1 "withCallingHandlers" 2#1 "<Anonymous>" ".Call" "doTryCatch" "tryCatchOne" "tryCatchList" "doTryCatch" "tryCatchOne" "tryCatchList" "tryCatch" 
1#199 "fitness_func" 1#63 "bayesian_blocks" 2#1 ".jetbrains_runFunction" "knit_print.default" 2#1 "withCallingHandlers" 2#1 "<Anonymous>" ".Call" "doTryCatch" "tryCatchOne" "tryCatchList" "doTryCatch" "tryCatchOne" "tryCatchList" "tryCatch" 
1#77 "bayesian_blocks" 2#1 ".jetbrains_runFunction" "knit_print.default" 2#1 "withCallingHandlers" 2#1 "<Anonymous>" ".Call" "doTryCatch" "tryCatchOne" "tryCatchList" "doTryCatch" "tryCatchOne" "tryCatchList" "tryCatch" 
1#61 "rev" 1#61 "rev" 1#61 "bayesian_blocks" 2#1 ".jetbrains_runFunction" "knit_print.default" 2#1 "withCallingHandlers" 2#1 "<Anonymous>" ".Call" "doTryCatch" "tryCatchOne" "tryCatchList" "doTryCatch" "tryCatchOne" "tryCatchList" "tryCatch" 
1#199 "fitness_func" 1#63 "bayesian_blocks" 2#1 ".jetbrains_runFunction" "knit_print.default" 2#1 "withCallingHandlers" 2#1 "<Anonymous>" ".Call" "doTryCatch" "tryCatchOne" "tryCatchList" "doTryCatch" "tryCatchOne" "tryCatchList" "tryCatch" 
1#61 "rev" 1#61 "rev" 1#61 "bayesian_blocks" 2#1 ".jetbrains_runFunction" "knit_print.default" 2#1 "withCallingHandlers" 2#1 "<Anonymous>" ".Call" "doTryCatch" "tryCatchOne" "tryCatchList" "doTryCatch" "tryCatchOne" "tryCatchList" "tryCatch" 
1#199 "fitness_func" 1#63 "bayesian_blocks" 2#1 ".jetbrains_runFunction" "knit_print.default" 2#1 "withCallingHandlers" 2#1 "<Anonymous>" ".Call" "doTryCatch" "tryCatchOne" "tryCatchList" "doTryCatch" "tryCatchOne" "tryCatchList" "tryCatch" 
1#77 "bayesian_blocks" 2#1 ".jetbrains_runFunction" "knit_print.default" 2#1 "withCallingHandlers" 2#1 "<Anonymous>" ".Call" "doTryCatch" "tryCatchOne" "tryCatchList" "doTryCatch" "tryCatchOne" "tryCatchList" "tryCatch" 
1#199 "fitness_func" 1#63 "bayesian_blocks" 2#1 ".jetbrains_runFunction" "knit_print.default" 2#1 "withCallingHandlers" 2#1 "<Anonymous>" ".Call" "doTryCatch" "tryCatchOne" "tryCatchList" "doTryCatch" "tryCatchOne" "tryCatchList" "tryCatch" 
1#199 "fitness_func" 1#63 "bayesian_blocks" 2#1 ".jetbrains_runFunction" "knit_print.default" 2#1 "withCallingHandlers" 2#1 "<Anonymous>" ".Call" "doTryCatch" "tryCatchOne" "tryCatchList" "doTryCatch" "tryCatchOne" "tryCatchList" "tryCatch" 
1#199 "fitness_func" 1#63 "bayesian_blocks" 2#1 ".jetbrains_runFunction" "knit_print.default" 2#1 "withCallingHandlers" 2#1 "<Anonymous>" ".Call" "doTryCatch" "tryCatchOne" "tryCatchList" "doTryCatch" "tryCatchOne" "tryCatchList" "tryCatch" 
1#77 "bayesian_blocks" 2#1 ".jetbrains_runFunction" "knit_print.default" 2#1 "withCallingHandlers" 2#1 "<Anonymous>" ".Call" "doTryCatch" "tryCatchOne" "tryCatchList" "doTryCatch" "tryCatchOne" "tryCatchList" "tryCatch" 
1#199 "fitness_func" 1#63 "bayesian_blocks" 2#1 ".jetbrains_runFunction" "knit_print.default" 2#1 "withCallingHandlers" 2#1 "<Anonymous>" ".Call" "doTryCatch" "tryCatchOne" "tryCatchList" "doTryCatch" "tryCatchOne" "tryCatchList" "tryCatch" 
1#77 "bayesian_blocks" 2#1 ".jetbrains_runFunction" "knit_print.default" 2#1 "withCallingHandlers" 2#1 "<Anonymous>" ".Call" "doTryCatch" "tryCatchOne" "tryCatchList" "doTryCatch" "tryCatchOne" "tryCatchList" "tryCatch" 
1#199 "fitness_func" 1#63 "bayesian_blocks" 2#1 ".jetbrains_runFunction" "knit_print.default" 2#1 "withCallingHandlers" 2#1 "<Anonymous>" ".Call" "doTryCatch" "tryCatchOne" "tryCatchList" "doTryCatch" "tryCatchOne" "tryCatchList" "tryCatch" 
1#199 "fitness_func" 1#63 "bayesian_blocks" 2#1 ".jetbrains_runFunction" "knit_print.default" 2#1 "withCallingHandlers" 2#1 "<Anonymous>" ".Call" "doTryCatch" "tryCatchOne" "tryCatchList" "doTryCatch" "tryCatchOne" "tryCatchList" "tryCatch" 
1#61 "rev" 1#61 "rev" 1#61 "bayesian_blocks" 2#1 ".jetbrains_runFunction" "knit_print.default" 2#1 "withCallingHandlers" 2#1 "<Anonymous>" ".Call" "doTryCatch" "tryCatchOne" "tryCatchList" "doTryCatch" "tryCatchOne" "tryCatchList" "tryCatch" 
1#61 "rev" 1#61 "rev" 1#61 "bayesian_blocks" 2#1 ".jetbrains_runFunction" "knit_print.default" 2#1 "withCallingHandlers" 2#1 "<Anonymous>" ".Call" "doTryCatch" "tryCatchOne" "tryCatchList" "doTryCatch" "tryCatchOne" "tryCatchList" "tryCatch" 
1#79 "bayesian_blocks" 2#1 ".jetbrains_runFunction" "knit_print.default" 2#1 "withCallingHandlers" 2#1 "<Anonymous>" ".Call" "doTryCatch" "tryCatchOne" "tryCatchList" "doTryCatch" "tryCatchOne" "tryCatchList" "tryCatch" 
".Call" "doTryCatch" "tryCatchOne" "tryCatchList" "doTryCatch" "tryCatchOne" "tryCatchList" "tryCatch" 
